<?xml version="1.0" encoding="UTF-8" ?>
<testsuite tests="4" failures="0" name="runner.TestRunner" time="24.752" errors="0" skipped="0">
  <properties>
[...]
</properties>
  <testcase classname="login with valid email and password" name="user open the browser" time="5.507"/>
  <testcase classname="login with valid email and password" name="fill the email as &quot;testermob5@gmail.com&quot; and password as &quot;Test123&amp;&quot; and click on login button" time="7.81"/>
  <testcase classname="login with valid email and password" name="user should navigate at the homepage" time="5.075"/>
  <testcase classname="login with valid email and password" name="login with valid email and password" time="6.36"/>
</testsuite>